mode: set
github.com/Wihrt/gatus-ingress-controller/api/v1alpha1/gatusalert_types.go:73.13,75.2 1 0
github.com/Wihrt/gatus-ingress-controller/api/v1alpha1/gatusalertingconfig_types.go:66.13,68.2 1 0
github.com/Wihrt/gatus-ingress-controller/api/v1alpha1/gatusannouncement_types.go:49.13,51.2 1 0
github.com/Wihrt/gatus-ingress-controller/api/v1alpha1/gatusendpoint_types.go:287.13,289.2 1 0
github.com/Wihrt/gatus-ingress-controller/api/v1alpha1/gatusexternalendpoint_types.go:70.13,72.2 1 0
github.com/Wihrt/gatus-ingress-controller/api/v1alpha1/gatusmaintenance_types.go:56.13,58.2 1 0
github.com/Wihrt/gatus-ingress-controller/api/v1alpha1/zz_generated.deepcopy.go:13.53,19.2 5 0
github.com/Wihrt/gatus-ingress-controller/api/v1alpha1/zz_generated.deepcopy.go:21.46,22.14 1 0
github.com/Wihrt/gatus-ingress-controller/api/v1alpha1/zz_generated.deepcopy.go:22.14,24.2 1 0
github.com/Wihrt/gatus-ingress-controller/api/v1alpha1/zz_generated.deepcopy.go:25.1,27.11 3 0
github.com/Wihrt/gatus-ingress-controller/api/v1alpha1/zz_generated.deepcopy.go:30.55,31.33 1 0
github.com/Wihrt/gatus-ingress-controller/api/v1alpha1/zz_generated.deepcopy.go:31.33,33.2 1 0
github.com/Wihrt/gatus-ingress-controller/api/v1alpha1/zz_generated.deepcopy.go:34.1,34.11 1 0
github.com/Wihrt/gatus-ingress-controller/api/v1alpha1/zz_generated.deepcopy.go:37.61,41.20 4 0
github.com/Wihrt/gatus-ingress-controller/api/v1alpha1/zz_generated.deepcopy.go:41.20,44.20 3 0
github.com/Wihrt/gatus-ingress-controller/api/v1alpha1/zz_generated.deepcopy.go:44.20,46.2 1 0
github.com/Wihrt/gatus-ingress-controller/api/v1alpha1/zz_generated.deepcopy.go:50.54,51.14 1 0
github.com/Wihrt/gatus-ingress-controller/api/v1alpha1/zz_generated.deepcopy.go:51.14,53.2 1 0
github.com/Wihrt/gatus-ingress-controller/api/v1alpha1/zz_generated.deepcopy.go:54.1,56.11 3 0
github.com/Wihrt/gatus-ingress-controller/api/v1alpha1/zz_generated.deepcopy.go:59.59,60.33 1 0
github.com/Wihrt/gatus-ingress-controller/api/v1alpha1/zz_generated.deepcopy.go:60.33,62.2 1 0
github.com/Wihrt/gatus-ingress-controller/api/v1alpha1/zz_generated.deepcopy.go:63.1,63.11 1 0
github.com/Wihrt/gatus-ingress-controller/api/v1alpha1/zz_generated.deepcopy.go:66.61,68.31 2 0
github.com/Wihrt/gatus-ingress-controller/api/v1alpha1/zz_generated.deepcopy.go:68.31,71.23 3 0
github.com/Wihrt/gatus-ingress-controller/api/v1alpha1/zz_generated.deepcopy.go:71.23,73.2 1 0
github.com/Wihrt/gatus-ingress-controller/api/v1alpha1/zz_generated.deepcopy.go:77.54,78.14 1 0
github.com/Wihrt/gatus-ingress-controller/api/v1alpha1/zz_generated.deepcopy.go:78.14,80.2 1 0
github.com/Wihrt/gatus-ingress-controller/api/v1alpha1/zz_generated.deepcopy.go:81.1,83.11 3 0
github.com/Wihrt/gatus-ingress-controller/api/v1alpha1/zz_generated.deepcopy.go:86.65,88.25 2 0
github.com/Wihrt/gatus-ingress-controller/api/v1alpha1/zz_generated.deepcopy.go:88.25,91.20 3 0
github.com/Wihrt/gatus-ingress-controller/api/v1alpha1/zz_generated.deepcopy.go:91.20,93.2 1 0
github.com/Wihrt/gatus-ingress-controller/api/v1alpha1/zz_generated.deepcopy.go:97.58,98.14 1 0
github.com/Wihrt/gatus-ingress-controller/api/v1alpha1/zz_generated.deepcopy.go:98.14,100.2 1 0
github.com/Wihrt/gatus-ingress-controller/api/v1alpha1/zz_generated.deepcopy.go:101.1,103.11 3 0
github.com/Wihrt/gatus-ingress-controller/api/v1alpha1/zz_generated.deepcopy.go:108.63,110.2 1 0
github.com/Wihrt/gatus-ingress-controller/api/v1alpha1/zz_generated.deepcopy.go:112.56,113.14 1 0
github.com/Wihrt/gatus-ingress-controller/api/v1alpha1/zz_generated.deepcopy.go:113.14,115.2 1 0
github.com/Wihrt/gatus-ingress-controller/api/v1alpha1/zz_generated.deepcopy.go:116.1,118.11 3 0
github.com/Wihrt/gatus-ingress-controller/api/v1alpha1/zz_generated.deepcopy.go:123.71,129.2 5 0
github.com/Wihrt/gatus-ingress-controller/api/v1alpha1/zz_generated.deepcopy.go:131.64,132.14 1 0
github.com/Wihrt/gatus-ingress-controller/api/v1alpha1/zz_generated.deepcopy.go:132.14,134.2 1 0
github.com/Wihrt/gatus-ingress-controller/api/v1alpha1/zz_generated.deepcopy.go:135.1,137.11 3 0
github.com/Wihrt/gatus-ingress-controller/api/v1alpha1/zz_generated.deepcopy.go:140.64,141.33 1 0
github.com/Wihrt/gatus-ingress-controller/api/v1alpha1/zz_generated.deepcopy.go:141.33,143.2 1 0
github.com/Wihrt/gatus-ingress-controller/api/v1alpha1/zz_generated.deepcopy.go:144.1,144.11 1 0
github.com/Wihrt/gatus-ingress-controller/api/v1alpha1/zz_generated.deepcopy.go:147.79,151.20 4 0
github.com/Wihrt/gatus-ingress-controller/api/v1alpha1/zz_generated.deepcopy.go:151.20,154.20 3 0
github.com/Wihrt/gatus-ingress-controller/api/v1alpha1/zz_generated.deepcopy.go:154.20,156.2 1 0
github.com/Wihrt/gatus-ingress-controller/api/v1alpha1/zz_generated.deepcopy.go:160.72,161.14 1 0
github.com/Wihrt/gatus-ingress-controller/api/v1alpha1/zz_generated.deepcopy.go:161.14,163.2 1 0
github.com/Wihrt/gatus-ingress-controller/api/v1alpha1/zz_generated.deepcopy.go:164.1,166.11 3 0
github.com/Wihrt/gatus-ingress-controller/api/v1alpha1/zz_generated.deepcopy.go:169.68,170.33 1 0
github.com/Wihrt/gatus-ingress-controller/api/v1alpha1/zz_generated.deepcopy.go:170.33,172.2 1 0
github.com/Wihrt/gatus-ingress-controller/api/v1alpha1/zz_generated.deepcopy.go:173.1,173.11 1 0
github.com/Wihrt/gatus-ingress-controller/api/v1alpha1/zz_generated.deepcopy.go:176.79,178.21 2 0
github.com/Wihrt/gatus-ingress-controller/api/v1alpha1/zz_generated.deepcopy.go:178.21,181.23 3 0
github.com/Wihrt/gatus-ingress-controller/api/v1alpha1/zz_generated.deepcopy.go:181.23,183.2 1 0
github.com/Wihrt/gatus-ingress-controller/api/v1alpha1/zz_generated.deepcopy.go:185.1,185.30 1 0
github.com/Wihrt/gatus-ingress-controller/api/v1alpha1/zz_generated.deepcopy.go:185.30,189.2 3 0
github.com/Wihrt/gatus-ingress-controller/api/v1alpha1/zz_generated.deepcopy.go:192.72,193.14 1 0
github.com/Wihrt/gatus-ingress-controller/api/v1alpha1/zz_generated.deepcopy.go:193.14,195.2 1 0
github.com/Wihrt/gatus-ingress-controller/api/v1alpha1/zz_generated.deepcopy.go:196.1,198.11 3 0
github.com/Wihrt/gatus-ingress-controller/api/v1alpha1/zz_generated.deepcopy.go:201.83,203.25 2 0
github.com/Wihrt/gatus-ingress-controller/api/v1alpha1/zz_generated.deepcopy.go:203.25,206.20 3 0
github.com/Wihrt/gatus-ingress-controller/api/v1alpha1/zz_generated.deepcopy.go:206.20,208.2 1 0
github.com/Wihrt/gatus-ingress-controller/api/v1alpha1/zz_generated.deepcopy.go:212.76,213.14 1 0
github.com/Wihrt/gatus-ingress-controller/api/v1alpha1/zz_generated.deepcopy.go:213.14,215.2 1 0
github.com/Wihrt/gatus-ingress-controller/api/v1alpha1/zz_generated.deepcopy.go:216.1,218.11 3 0
github.com/Wihrt/gatus-ingress-controller/api/v1alpha1/zz_generated.deepcopy.go:223.67,229.2 5 0
github.com/Wihrt/gatus-ingress-controller/api/v1alpha1/zz_generated.deepcopy.go:231.60,232.14 1 0
github.com/Wihrt/gatus-ingress-controller/api/v1alpha1/zz_generated.deepcopy.go:232.14,234.2 1 0
github.com/Wihrt/gatus-ingress-controller/api/v1alpha1/zz_generated.deepcopy.go:235.1,237.11 3 0
github.com/Wihrt/gatus-ingress-controller/api/v1alpha1/zz_generated.deepcopy.go:240.62,241.33 1 0
github.com/Wihrt/gatus-ingress-controller/api/v1alpha1/zz_generated.deepcopy.go:241.33,243.2 1 0
github.com/Wihrt/gatus-ingress-controller/api/v1alpha1/zz_generated.deepcopy.go:244.1,244.11 1 0
github.com/Wihrt/gatus-ingress-controller/api/v1alpha1/zz_generated.deepcopy.go:247.75,251.20 4 0
github.com/Wihrt/gatus-ingress-controller/api/v1alpha1/zz_generated.deepcopy.go:251.20,254.20 3 0
github.com/Wihrt/gatus-ingress-controller/api/v1alpha1/zz_generated.deepcopy.go:254.20,256.2 1 0
github.com/Wihrt/gatus-ingress-controller/api/v1alpha1/zz_generated.deepcopy.go:260.68,261.14 1 0
github.com/Wihrt/gatus-ingress-controller/api/v1alpha1/zz_generated.deepcopy.go:261.14,263.2 1 0
github.com/Wihrt/gatus-ingress-controller/api/v1alpha1/zz_generated.deepcopy.go:264.1,266.11 3 0
github.com/Wihrt/gatus-ingress-controller/api/v1alpha1/zz_generated.deepcopy.go:269.66,270.33 1 0
github.com/Wihrt/gatus-ingress-controller/api/v1alpha1/zz_generated.deepcopy.go:270.33,272.2 1 0
github.com/Wihrt/gatus-ingress-controller/api/v1alpha1/zz_generated.deepcopy.go:273.1,273.11 1 0
github.com/Wihrt/gatus-ingress-controller/api/v1alpha1/zz_generated.deepcopy.go:276.75,278.2 1 0
github.com/Wihrt/gatus-ingress-controller/api/v1alpha1/zz_generated.deepcopy.go:280.68,281.14 1 0
github.com/Wihrt/gatus-ingress-controller/api/v1alpha1/zz_generated.deepcopy.go:281.14,283.2 1 0
github.com/Wihrt/gatus-ingress-controller/api/v1alpha1/zz_generated.deepcopy.go:284.1,286.11 3 0
github.com/Wihrt/gatus-ingress-controller/api/v1alpha1/zz_generated.deepcopy.go:289.79,291.25 2 0
github.com/Wihrt/gatus-ingress-controller/api/v1alpha1/zz_generated.deepcopy.go:291.25,294.20 3 0
github.com/Wihrt/gatus-ingress-controller/api/v1alpha1/zz_generated.deepcopy.go:294.20,296.2 1 0
github.com/Wihrt/gatus-ingress-controller/api/v1alpha1/zz_generated.deepcopy.go:300.72,301.14 1 0
github.com/Wihrt/gatus-ingress-controller/api/v1alpha1/zz_generated.deepcopy.go:301.14,303.2 1 0
github.com/Wihrt/gatus-ingress-controller/api/v1alpha1/zz_generated.deepcopy.go:304.1,306.11 3 0
github.com/Wihrt/gatus-ingress-controller/api/v1alpha1/zz_generated.deepcopy.go:311.65,317.2 5 0
github.com/Wihrt/gatus-ingress-controller/api/v1alpha1/zz_generated.deepcopy.go:319.58,320.14 1 0
github.com/Wihrt/gatus-ingress-controller/api/v1alpha1/zz_generated.deepcopy.go:320.14,322.2 1 0
github.com/Wihrt/gatus-ingress-controller/api/v1alpha1/zz_generated.deepcopy.go:323.1,325.11 3 0
github.com/Wihrt/gatus-ingress-controller/api/v1alpha1/zz_generated.deepcopy.go:328.61,329.33 1 0
github.com/Wihrt/gatus-ingress-controller/api/v1alpha1/zz_generated.deepcopy.go:329.33,331.2 1 0
github.com/Wihrt/gatus-ingress-controller/api/v1alpha1/zz_generated.deepcopy.go:332.1,332.11 1 0
github.com/Wihrt/gatus-ingress-controller/api/v1alpha1/zz_generated.deepcopy.go:335.73,339.20 4 0
github.com/Wihrt/gatus-ingress-controller/api/v1alpha1/zz_generated.deepcopy.go:339.20,342.20 3 0
github.com/Wihrt/gatus-ingress-controller/api/v1alpha1/zz_generated.deepcopy.go:342.20,344.2 1 0
github.com/Wihrt/gatus-ingress-controller/api/v1alpha1/zz_generated.deepcopy.go:348.66,349.14 1 0
github.com/Wihrt/gatus-ingress-controller/api/v1alpha1/zz_generated.deepcopy.go:349.14,351.2 1 0
github.com/Wihrt/gatus-ingress-controller/api/v1alpha1/zz_generated.deepcopy.go:352.1,354.11 3 0
github.com/Wihrt/gatus-ingress-controller/api/v1alpha1/zz_generated.deepcopy.go:357.65,358.33 1 0
github.com/Wihrt/gatus-ingress-controller/api/v1alpha1/zz_generated.deepcopy.go:358.33,360.2 1 0
github.com/Wihrt/gatus-ingress-controller/api/v1alpha1/zz_generated.deepcopy.go:361.1,361.11 1 0
github.com/Wihrt/gatus-ingress-controller/api/v1alpha1/zz_generated.deepcopy.go:364.73,366.20 2 0
github.com/Wihrt/gatus-ingress-controller/api/v1alpha1/zz_generated.deepcopy.go:366.20,370.2 3 0
github.com/Wihrt/gatus-ingress-controller/api/v1alpha1/zz_generated.deepcopy.go:373.66,374.14 1 0
github.com/Wihrt/gatus-ingress-controller/api/v1alpha1/zz_generated.deepcopy.go:374.14,376.2 1 0
github.com/Wihrt/gatus-ingress-controller/api/v1alpha1/zz_generated.deepcopy.go:377.1,379.11 3 0
github.com/Wihrt/gatus-ingress-controller/api/v1alpha1/zz_generated.deepcopy.go:382.77,384.25 2 0
github.com/Wihrt/gatus-ingress-controller/api/v1alpha1/zz_generated.deepcopy.go:384.25,387.20 3 0
github.com/Wihrt/gatus-ingress-controller/api/v1alpha1/zz_generated.deepcopy.go:387.20,389.2 1 0
github.com/Wihrt/gatus-ingress-controller/api/v1alpha1/zz_generated.deepcopy.go:393.70,394.14 1 0
github.com/Wihrt/gatus-ingress-controller/api/v1alpha1/zz_generated.deepcopy.go:394.14,396.2 1 0
github.com/Wihrt/gatus-ingress-controller/api/v1alpha1/zz_generated.deepcopy.go:397.1,399.11 3 0
github.com/Wihrt/gatus-ingress-controller/api/v1alpha1/zz_generated.deepcopy.go:404.59,406.22 2 0
github.com/Wihrt/gatus-ingress-controller/api/v1alpha1/zz_generated.deepcopy.go:406.22,409.2 2 0
github.com/Wihrt/gatus-ingress-controller/api/v1alpha1/zz_generated.deepcopy.go:410.1,410.29 1 0
github.com/Wihrt/gatus-ingress-controller/api/v1alpha1/zz_generated.deepcopy.go:410.29,413.2 2 0
github.com/Wihrt/gatus-ingress-controller/api/v1alpha1/zz_generated.deepcopy.go:416.52,417.14 1 0
github.com/Wihrt/gatus-ingress-controller/api/v1alpha1/zz_generated.deepcopy.go:417.14,419.2 1 0
github.com/Wihrt/gatus-ingress-controller/api/v1alpha1/zz_generated.deepcopy.go:420.1,422.11 3 0
github.com/Wihrt/gatus-ingress-controller/api/v1alpha1/zz_generated.deepcopy.go:427.61,429.2 1 0
github.com/Wihrt/gatus-ingress-controller/api/v1alpha1/zz_generated.deepcopy.go:431.54,432.14 1 0
github.com/Wihrt/gatus-ingress-controller/api/v1alpha1/zz_generated.deepcopy.go:432.14,434.2 1 0
github.com/Wihrt/gatus-ingress-controller/api/v1alpha1/zz_generated.deepcopy.go:435.1,437.11 3 0
github.com/Wihrt/gatus-ingress-controller/api/v1alpha1/zz_generated.deepcopy.go:442.61,444.2 1 0
github.com/Wihrt/gatus-ingress-controller/api/v1alpha1/zz_generated.deepcopy.go:446.54,447.14 1 0
github.com/Wihrt/gatus-ingress-controller/api/v1alpha1/zz_generated.deepcopy.go:447.14,449.2 1 0
github.com/Wihrt/gatus-ingress-controller/api/v1alpha1/zz_generated.deepcopy.go:450.1,452.11 3 0
github.com/Wihrt/gatus-ingress-controller/api/v1alpha1/zz_generated.deepcopy.go:457.79,459.21 2 0
github.com/Wihrt/gatus-ingress-controller/api/v1alpha1/zz_generated.deepcopy.go:459.21,463.2 3 0
github.com/Wihrt/gatus-ingress-controller/api/v1alpha1/zz_generated.deepcopy.go:466.72,467.14 1 0
github.com/Wihrt/gatus-ingress-controller/api/v1alpha1/zz_generated.deepcopy.go:467.14,469.2 1 0
github.com/Wihrt/gatus-ingress-controller/api/v1alpha1/zz_generated.deepcopy.go:470.1,472.11 3 0
github.com/Wihrt/gatus-ingress-controller/api/v1alpha1/zz_generated.deepcopy.go:477.73,479.2 1 0
github.com/Wihrt/gatus-ingress-controller/api/v1alpha1/zz_generated.deepcopy.go:481.66,482.14 1 0
github.com/Wihrt/gatus-ingress-controller/api/v1alpha1/zz_generated.deepcopy.go:482.14,484.2 1 0
github.com/Wihrt/gatus-ingress-controller/api/v1alpha1/zz_generated.deepcopy.go:485.1,487.11 3 0
github.com/Wihrt/gatus-ingress-controller/api/v1alpha1/zz_generated.deepcopy.go:492.67,494.21 2 0
github.com/Wihrt/gatus-ingress-controller/api/v1alpha1/zz_generated.deepcopy.go:494.21,498.2 3 0
github.com/Wihrt/gatus-ingress-controller/api/v1alpha1/zz_generated.deepcopy.go:499.1,499.18 1 0
github.com/Wihrt/gatus-ingress-controller/api/v1alpha1/zz_generated.deepcopy.go:499.18,503.2 3 0
github.com/Wihrt/gatus-ingress-controller/api/v1alpha1/zz_generated.deepcopy.go:506.60,507.14 1 0
github.com/Wihrt/gatus-ingress-controller/api/v1alpha1/zz_generated.deepcopy.go:507.14,509.2 1 0
github.com/Wihrt/gatus-ingress-controller/api/v1alpha1/zz_generated.deepcopy.go:510.1,512.11 3 0
github.com/Wihrt/gatus-ingress-controller/api/v1alpha1/zz_generated.deepcopy.go:517.59,519.2 1 0
github.com/Wihrt/gatus-ingress-controller/api/v1alpha1/zz_generated.deepcopy.go:521.52,522.14 1 0
github.com/Wihrt/gatus-ingress-controller/api/v1alpha1/zz_generated.deepcopy.go:522.14,524.2 1 0
github.com/Wihrt/gatus-ingress-controller/api/v1alpha1/zz_generated.deepcopy.go:525.1,527.11 3 0
github.com/Wihrt/gatus-ingress-controller/api/v1alpha1/zz_generated.deepcopy.go:532.77,534.20 2 0
github.com/Wihrt/gatus-ingress-controller/api/v1alpha1/zz_generated.deepcopy.go:534.20,538.2 3 0
github.com/Wihrt/gatus-ingress-controller/api/v1alpha1/zz_generated.deepcopy.go:541.70,542.14 1 0
github.com/Wihrt/gatus-ingress-controller/api/v1alpha1/zz_generated.deepcopy.go:542.14,544.2 1 0
github.com/Wihrt/gatus-ingress-controller/api/v1alpha1/zz_generated.deepcopy.go:545.1,547.11 3 0
github.com/Wihrt/gatus-ingress-controller/api/v1alpha1/zz_generated.deepcopy.go:552.59,558.2 5 0
github.com/Wihrt/gatus-ingress-controller/api/v1alpha1/zz_generated.deepcopy.go:560.52,561.14 1 0
github.com/Wihrt/gatus-ingress-controller/api/v1alpha1/zz_generated.deepcopy.go:561.14,563.2 1 0
github.com/Wihrt/gatus-ingress-controller/api/v1alpha1/zz_generated.deepcopy.go:564.1,566.11 3 0
github.com/Wihrt/gatus-ingress-controller/api/v1alpha1/zz_generated.deepcopy.go:569.58,570.33 1 0
github.com/Wihrt/gatus-ingress-controller/api/v1alpha1/zz_generated.deepcopy.go:570.33,572.2 1 0
github.com/Wihrt/gatus-ingress-controller/api/v1alpha1/zz_generated.deepcopy.go:573.1,573.11 1 0
github.com/Wihrt/gatus-ingress-controller/api/v1alpha1/zz_generated.deepcopy.go:576.67,580.20 4 0
github.com/Wihrt/gatus-ingress-controller/api/v1alpha1/zz_generated.deepcopy.go:580.20,583.20 3 0
github.com/Wihrt/gatus-ingress-controller/api/v1alpha1/zz_generated.deepcopy.go:583.20,585.2 1 0
github.com/Wihrt/gatus-ingress-controller/api/v1alpha1/zz_generated.deepcopy.go:589.60,590.14 1 0
github.com/Wihrt/gatus-ingress-controller/api/v1alpha1/zz_generated.deepcopy.go:590.14,592.2 1 0
github.com/Wihrt/gatus-ingress-controller/api/v1alpha1/zz_generated.deepcopy.go:593.1,595.11 3 0
github.com/Wihrt/gatus-ingress-controller/api/v1alpha1/zz_generated.deepcopy.go:598.62,599.33 1 0
github.com/Wihrt/gatus-ingress-controller/api/v1alpha1/zz_generated.deepcopy.go:599.33,601.2 1 0
github.com/Wihrt/gatus-ingress-controller/api/v1alpha1/zz_generated.deepcopy.go:602.1,602.11 1 0
github.com/Wihrt/gatus-ingress-controller/api/v1alpha1/zz_generated.deepcopy.go:605.67,607.22 2 0
github.com/Wihrt/gatus-ingress-controller/api/v1alpha1/zz_generated.deepcopy.go:607.22,610.27 3 0
github.com/Wihrt/gatus-ingress-controller/api/v1alpha1/zz_generated.deepcopy.go:610.27,612.2 1 0
github.com/Wihrt/gatus-ingress-controller/api/v1alpha1/zz_generated.deepcopy.go:614.1,614.25 1 0
github.com/Wihrt/gatus-ingress-controller/api/v1alpha1/zz_generated.deepcopy.go:614.25,618.2 3 0
github.com/Wihrt/gatus-ingress-controller/api/v1alpha1/zz_generated.deepcopy.go:619.1,619.21 1 0
github.com/Wihrt/gatus-ingress-controller/api/v1alpha1/zz_generated.deepcopy.go:619.21,622.20 3 0
github.com/Wihrt/gatus-ingress-controller/api/v1alpha1/zz_generated.deepcopy.go:622.20,624.2 1 0
github.com/Wihrt/gatus-ingress-controller/api/v1alpha1/zz_generated.deepcopy.go:626.1,626.18 1 0
github.com/Wihrt/gatus-ingress-controller/api/v1alpha1/zz_generated.deepcopy.go:626.18,630.2 3 0
github.com/Wihrt/gatus-ingress-controller/api/v1alpha1/zz_generated.deepcopy.go:631.1,631.18 1 0
github.com/Wihrt/gatus-ingress-controller/api/v1alpha1/zz_generated.deepcopy.go:631.18,635.2 3 0
github.com/Wihrt/gatus-ingress-controller/api/v1alpha1/zz_generated.deepcopy.go:636.1,636.21 1 0
github.com/Wihrt/gatus-ingress-controller/api/v1alpha1/zz_generated.deepcopy.go:636.21,640.2 3 0
github.com/Wihrt/gatus-ingress-controller/api/v1alpha1/zz_generated.deepcopy.go:641.1,641.17 1 0
github.com/Wihrt/gatus-ingress-controller/api/v1alpha1/zz_generated.deepcopy.go:641.17,645.2 3 0
github.com/Wihrt/gatus-ingress-controller/api/v1alpha1/zz_generated.deepcopy.go:646.1,646.33 1 0
github.com/Wihrt/gatus-ingress-controller/api/v1alpha1/zz_generated.deepcopy.go:646.33,649.20 3 0
github.com/Wihrt/gatus-ingress-controller/api/v1alpha1/zz_generated.deepcopy.go:649.20,651.2 1 0
github.com/Wihrt/gatus-ingress-controller/api/v1alpha1/zz_generated.deepcopy.go:653.1,653.26 1 0
github.com/Wihrt/gatus-ingress-controller/api/v1alpha1/zz_generated.deepcopy.go:653.26,656.27 3 0
github.com/Wihrt/gatus-ingress-controller/api/v1alpha1/zz_generated.deepcopy.go:656.27,658.2 1 0
github.com/Wihrt/gatus-ingress-controller/api/v1alpha1/zz_generated.deepcopy.go:662.60,663.14 1 0
github.com/Wihrt/gatus-ingress-controller/api/v1alpha1/zz_generated.deepcopy.go:663.14,665.2 1 0
github.com/Wihrt/gatus-ingress-controller/api/v1alpha1/zz_generated.deepcopy.go:666.1,668.11 3 0
github.com/Wihrt/gatus-ingress-controller/api/v1alpha1/zz_generated.deepcopy.go:671.71,673.25 2 0
github.com/Wihrt/gatus-ingress-controller/api/v1alpha1/zz_generated.deepcopy.go:673.25,676.20 3 0
github.com/Wihrt/gatus-ingress-controller/api/v1alpha1/zz_generated.deepcopy.go:676.20,678.2 1 0
github.com/Wihrt/gatus-ingress-controller/api/v1alpha1/zz_generated.deepcopy.go:682.64,683.14 1 0
github.com/Wihrt/gatus-ingress-controller/api/v1alpha1/zz_generated.deepcopy.go:683.14,685.2 1 0
github.com/Wihrt/gatus-ingress-controller/api/v1alpha1/zz_generated.deepcopy.go:686.1,688.11 3 0
github.com/Wihrt/gatus-ingress-controller/api/v1alpha1/zz_generated.deepcopy.go:693.73,695.2 1 0
github.com/Wihrt/gatus-ingress-controller/api/v1alpha1/zz_generated.deepcopy.go:697.66,698.14 1 0
github.com/Wihrt/gatus-ingress-controller/api/v1alpha1/zz_generated.deepcopy.go:698.14,700.2 1 0
github.com/Wihrt/gatus-ingress-controller/api/v1alpha1/zz_generated.deepcopy.go:701.1,703.11 3 0
github.com/Wihrt/gatus-ingress-controller/api/v1alpha1/zz_generated.deepcopy.go:706.75,712.2 5 0
github.com/Wihrt/gatus-ingress-controller/api/v1alpha1/zz_generated.deepcopy.go:714.68,715.14 1 0
github.com/Wihrt/gatus-ingress-controller/api/v1alpha1/zz_generated.deepcopy.go:715.14,717.2 1 0
github.com/Wihrt/gatus-ingress-controller/api/v1alpha1/zz_generated.deepcopy.go:718.1,720.11 3 0
github.com/Wihrt/gatus-ingress-controller/api/v1alpha1/zz_generated.deepcopy.go:723.66,724.33 1 0
github.com/Wihrt/gatus-ingress-controller/api/v1alpha1/zz_generated.deepcopy.go:724.33,726.2 1 0
github.com/Wihrt/gatus-ingress-controller/api/v1alpha1/zz_generated.deepcopy.go:727.1,727.11 1 0
github.com/Wihrt/gatus-ingress-controller/api/v1alpha1/zz_generated.deepcopy.go:730.83,734.20 4 0
github.com/Wihrt/gatus-ingress-controller/api/v1alpha1/zz_generated.deepcopy.go:734.20,737.20 3 0
github.com/Wihrt/gatus-ingress-controller/api/v1alpha1/zz_generated.deepcopy.go:737.20,739.2 1 0
github.com/Wihrt/gatus-ingress-controller/api/v1alpha1/zz_generated.deepcopy.go:743.76,744.14 1 0
github.com/Wihrt/gatus-ingress-controller/api/v1alpha1/zz_generated.deepcopy.go:744.14,746.2 1 0
github.com/Wihrt/gatus-ingress-controller/api/v1alpha1/zz_generated.deepcopy.go:747.1,749.11 3 0
github.com/Wihrt/gatus-ingress-controller/api/v1alpha1/zz_generated.deepcopy.go:752.70,753.33 1 0
github.com/Wihrt/gatus-ingress-controller/api/v1alpha1/zz_generated.deepcopy.go:753.33,755.2 1 0
github.com/Wihrt/gatus-ingress-controller/api/v1alpha1/zz_generated.deepcopy.go:756.1,756.11 1 0
github.com/Wihrt/gatus-ingress-controller/api/v1alpha1/zz_generated.deepcopy.go:759.83,761.21 2 0
github.com/Wihrt/gatus-ingress-controller/api/v1alpha1/zz_generated.deepcopy.go:761.21,764.20 3 0
github.com/Wihrt/gatus-ingress-controller/api/v1alpha1/zz_generated.deepcopy.go:764.20,766.2 1 0
github.com/Wihrt/gatus-ingress-controller/api/v1alpha1/zz_generated.deepcopy.go:768.1,768.24 1 0
github.com/Wihrt/gatus-ingress-controller/api/v1alpha1/zz_generated.deepcopy.go:768.24,772.2 3 0
github.com/Wihrt/gatus-ingress-controller/api/v1alpha1/zz_generated.deepcopy.go:775.76,776.14 1 0
github.com/Wihrt/gatus-ingress-controller/api/v1alpha1/zz_generated.deepcopy.go:776.14,778.2 1 0
github.com/Wihrt/gatus-ingress-controller/api/v1alpha1/zz_generated.deepcopy.go:779.1,781.11 3 0
github.com/Wihrt/gatus-ingress-controller/api/v1alpha1/zz_generated.deepcopy.go:784.87,786.25 2 0
github.com/Wihrt/gatus-ingress-controller/api/v1alpha1/zz_generated.deepcopy.go:786.25,789.20 3 0
github.com/Wihrt/gatus-ingress-controller/api/v1alpha1/zz_generated.deepcopy.go:789.20,791.2 1 0
github.com/Wihrt/gatus-ingress-controller/api/v1alpha1/zz_generated.deepcopy.go:795.80,796.14 1 0
github.com/Wihrt/gatus-ingress-controller/api/v1alpha1/zz_generated.deepcopy.go:796.14,798.2 1 0
github.com/Wihrt/gatus-ingress-controller/api/v1alpha1/zz_generated.deepcopy.go:799.1,801.11 3 0
github.com/Wihrt/gatus-ingress-controller/cmd/main.go:24.13,27.2 2 0
github.com/Wihrt/gatus-ingress-controller/cmd/main.go:29.13,43.15 4 0
github.com/Wihrt/gatus-ingress-controller/cmd/main.go:43.15,46.2 2 0
github.com/Wihrt/gatus-ingress-controller/cmd/main.go:48.1,49.26 2 0
github.com/Wihrt/gatus-ingress-controller/cmd/main.go:49.26,51.2 1 0
github.com/Wihrt/gatus-ingress-controller/cmd/main.go:53.1,54.24 2 0
github.com/Wihrt/gatus-ingress-controller/cmd/main.go:54.24,56.2 1 0
github.com/Wihrt/gatus-ingress-controller/cmd/main.go:58.1,59.21 2 0
github.com/Wihrt/gatus-ingress-controller/cmd/main.go:59.21,61.2 1 0
github.com/Wihrt/gatus-ingress-controller/cmd/main.go:63.1,64.30 2 0
github.com/Wihrt/gatus-ingress-controller/cmd/main.go:64.30,67.2 2 0
github.com/Wihrt/gatus-ingress-controller/cmd/main.go:69.1,74.38 1 0
github.com/Wihrt/gatus-ingress-controller/cmd/main.go:74.38,77.2 2 0
github.com/Wihrt/gatus-ingress-controller/cmd/main.go:79.2,81.39 1 0
github.com/Wihrt/gatus-ingress-controller/cmd/main.go:81.39,84.3 2 0
github.com/Wihrt/gatus-ingress-controller/cmd/main.go:86.2,90.39 1 0
github.com/Wihrt/gatus-ingress-controller/cmd/main.go:90.39,93.3 2 0
github.com/Wihrt/gatus-ingress-controller/cmd/main.go:95.2,99.39 1 0
github.com/Wihrt/gatus-ingress-controller/cmd/main.go:99.39,102.3 2 0
github.com/Wihrt/gatus-ingress-controller/cmd/main.go:104.1,109.38 1 0
github.com/Wihrt/gatus-ingress-controller/cmd/main.go:109.38,112.2 2 0
github.com/Wihrt/gatus-ingress-controller/cmd/main.go:114.1,118.38 1 0
github.com/Wihrt/gatus-ingress-controller/cmd/main.go:118.38,121.2 2 0
github.com/Wihrt/gatus-ingress-controller/cmd/main.go:123.1,123.68 1 0
github.com/Wihrt/gatus-ingress-controller/cmd/main.go:123.68,126.3 2 0
github.com/Wihrt/gatus-ingress-controller/cmd/main.go:127.2,127.67 1 0
github.com/Wihrt/gatus-ingress-controller/cmd/main.go:127.67,130.3 2 0
github.com/Wihrt/gatus-ingress-controller/cmd/main.go:132.2,135.26 1 0
github.com/Wihrt/gatus-ingress-controller/cmd/main.go:135.26,138.3 2 0
github.com/Wihrt/gatus-ingress-controller/cmd/main.go:140.2,143.26 1 0
github.com/Wihrt/gatus-ingress-controller/cmd/main.go:143.26,146.3 2 0
github.com/Wihrt/gatus-ingress-controller/cmd/main.go:148.2,151.26 1 0
github.com/Wihrt/gatus-ingress-controller/cmd/main.go:151.26,154.3 2 0
github.com/Wihrt/gatus-ingress-controller/cmd/main.go:156.2,157.61 2 0
github.com/Wihrt/gatus-ingress-controller/cmd/main.go:157.61,160.2 2 0
github.com/Wihrt/gatus-ingress-controller/internal/webhook/gatusalert_webhook.go:17.113,19.9 2 1
github.com/Wihrt/gatus-ingress-controller/internal/webhook/gatusalert_webhook.go:19.9,21.3 1 0
github.com/Wihrt/gatus-ingress-controller/internal/webhook/gatusalert_webhook.go:22.2,22.50 1 1
github.com/Wihrt/gatus-ingress-controller/internal/webhook/gatusalert_webhook.go:25.134,27.9 2 1
github.com/Wihrt/gatus-ingress-controller/internal/webhook/gatusalert_webhook.go:27.9,29.3 1 0
github.com/Wihrt/gatus-ingress-controller/internal/webhook/gatusalert_webhook.go:30.2,30.50 1 1
github.com/Wihrt/gatus-ingress-controller/internal/webhook/gatusalert_webhook.go:33.111,35.2 1 1
github.com/Wihrt/gatus-ingress-controller/internal/webhook/gatusalert_webhook.go:39.80,40.43 1 1
github.com/Wihrt/gatus-ingress-controller/internal/webhook/gatusalert_webhook.go:40.43,42.3 1 1
github.com/Wihrt/gatus-ingress-controller/internal/webhook/gatusalert_webhook.go:44.2,45.12 2 1
github.com/Wihrt/gatus-ingress-controller/internal/webhook/gatusalert_webhook.go:45.12,51.3 1 0
github.com/Wihrt/gatus-ingress-controller/internal/webhook/gatusalert_webhook.go:53.2,54.45 2 1
github.com/Wihrt/gatus-ingress-controller/internal/webhook/gatusalert_webhook.go:54.45,55.31 1 1
github.com/Wihrt/gatus-ingress-controller/internal/webhook/gatusalert_webhook.go:55.31,61.4 1 1
github.com/Wihrt/gatus-ingress-controller/internal/webhook/gatusalert_webhook.go:63.2,63.19 1 1
github.com/Wihrt/gatus-ingress-controller/internal/webhook/gatusalert_webhook.go:63.19,65.3 1 1
github.com/Wihrt/gatus-ingress-controller/internal/webhook/gatusalert_webhook.go:66.2,66.12 1 1
github.com/Wihrt/gatus-ingress-controller/internal/webhook/gatusalertingconfig_webhook.go:110.48,112.25 2 1
github.com/Wihrt/gatus-ingress-controller/internal/webhook/gatusalertingconfig_webhook.go:112.25,114.3 1 1
github.com/Wihrt/gatus-ingress-controller/internal/webhook/gatusalertingconfig_webhook.go:115.2,115.10 1 1
github.com/Wihrt/gatus-ingress-controller/internal/webhook/gatusalertingconfig_webhook.go:118.51,120.19 2 1
github.com/Wihrt/gatus-ingress-controller/internal/webhook/gatusalertingconfig_webhook.go:120.19,122.3 1 1
github.com/Wihrt/gatus-ingress-controller/internal/webhook/gatusalertingconfig_webhook.go:123.2,123.13 1 1
github.com/Wihrt/gatus-ingress-controller/internal/webhook/gatusalertingconfig_webhook.go:130.122,132.9 2 1
github.com/Wihrt/gatus-ingress-controller/internal/webhook/gatusalertingconfig_webhook.go:132.9,134.3 1 0
github.com/Wihrt/gatus-ingress-controller/internal/webhook/gatusalertingconfig_webhook.go:135.2,135.41 1 1
github.com/Wihrt/gatus-ingress-controller/internal/webhook/gatusalertingconfig_webhook.go:139.143,141.9 2 1
github.com/Wihrt/gatus-ingress-controller/internal/webhook/gatusalertingconfig_webhook.go:141.9,143.3 1 0
github.com/Wihrt/gatus-ingress-controller/internal/webhook/gatusalertingconfig_webhook.go:144.2,144.41 1 1
github.com/Wihrt/gatus-ingress-controller/internal/webhook/gatusalertingconfig_webhook.go:148.120,150.2 1 1
github.com/Wihrt/gatus-ingress-controller/internal/webhook/gatusalertingconfig_webhook.go:157.76,164.16 4 1
github.com/Wihrt/gatus-ingress-controller/internal/webhook/gatusalertingconfig_webhook.go:164.16,165.34 1 1
github.com/Wihrt/gatus-ingress-controller/internal/webhook/gatusalertingconfig_webhook.go:165.34,166.32 1 1
github.com/Wihrt/gatus-ingress-controller/internal/webhook/gatusalertingconfig_webhook.go:166.32,172.5 1 1
github.com/Wihrt/gatus-ingress-controller/internal/webhook/gatusalertingconfig_webhook.go:177.2,177.37 1 1
github.com/Wihrt/gatus-ingress-controller/internal/webhook/gatusalertingconfig_webhook.go:177.37,178.61 1 1
github.com/Wihrt/gatus-ingress-controller/internal/webhook/gatusalertingconfig_webhook.go:178.61,179.52 1 1
github.com/Wihrt/gatus-ingress-controller/internal/webhook/gatusalertingconfig_webhook.go:179.52,184.5 1 1
github.com/Wihrt/gatus-ingress-controller/internal/webhook/gatusalertingconfig_webhook.go:188.2,188.13 1 1
github.com/Wihrt/gatus-ingress-controller/internal/webhook/gatusendpoint_webhook.go:39.116,41.9 2 1
github.com/Wihrt/gatus-ingress-controller/internal/webhook/gatusendpoint_webhook.go:41.9,43.3 1 0
github.com/Wihrt/gatus-ingress-controller/internal/webhook/gatusendpoint_webhook.go:44.2,44.60 1 1
github.com/Wihrt/gatus-ingress-controller/internal/webhook/gatusendpoint_webhook.go:47.137,49.9 2 1
github.com/Wihrt/gatus-ingress-controller/internal/webhook/gatusendpoint_webhook.go:49.9,51.3 1 0
github.com/Wihrt/gatus-ingress-controller/internal/webhook/gatusendpoint_webhook.go:52.2,52.60 1 1
github.com/Wihrt/gatus-ingress-controller/internal/webhook/gatusendpoint_webhook.go:55.114,57.2 1 1
github.com/Wihrt/gatus-ingress-controller/internal/webhook/gatusendpoint_webhook.go:60.60,62.31 2 1
github.com/Wihrt/gatus-ingress-controller/internal/webhook/gatusendpoint_webhook.go:62.31,64.51 2 1
github.com/Wihrt/gatus-ingress-controller/internal/webhook/gatusendpoint_webhook.go:64.51,66.4 1 1
github.com/Wihrt/gatus-ingress-controller/internal/webhook/gatusendpoint_webhook.go:68.2,68.19 1 1
github.com/Wihrt/gatus-ingress-controller/internal/webhook/gatusendpoint_webhook.go:68.19,70.3 1 1
github.com/Wihrt/gatus-ingress-controller/internal/webhook/gatusendpoint_webhook.go:71.2,71.12 1 1
github.com/Wihrt/gatus-ingress-controller/internal/webhook/gatusendpoint_webhook.go:75.64,76.32 1 1
github.com/Wihrt/gatus-ingress-controller/internal/webhook/gatusendpoint_webhook.go:76.32,78.3 1 1
github.com/Wihrt/gatus-ingress-controller/internal/webhook/gatusendpoint_webhook.go:81.2,82.23 2 1
github.com/Wihrt/gatus-ingress-controller/internal/webhook/gatusendpoint_webhook.go:82.23,84.3 1 0
github.com/Wihrt/gatus-ingress-controller/internal/webhook/gatusendpoint_webhook.go:86.2,87.28 2 1
github.com/Wihrt/gatus-ingress-controller/internal/webhook/gatusendpoint_webhook.go:87.28,90.39 2 1
github.com/Wihrt/gatus-ingress-controller/internal/webhook/gatusendpoint_webhook.go:90.39,91.17 1 1
github.com/Wihrt/gatus-ingress-controller/internal/webhook/gatusendpoint_webhook.go:91.17,93.10 2 1
github.com/Wihrt/gatus-ingress-controller/internal/webhook/gatusendpoint_webhook.go:96.3,96.17 1 1
github.com/Wihrt/gatus-ingress-controller/internal/webhook/gatusendpoint_webhook.go:96.17,97.9 1 1
github.com/Wihrt/gatus-ingress-controller/internal/webhook/gatusendpoint_webhook.go:100.2,100.17 1 1
github.com/Wihrt/gatus-ingress-controller/internal/webhook/gatusendpoint_webhook.go:100.17,102.3 1 1
github.com/Wihrt/gatus-ingress-controller/internal/webhook/gatusendpoint_webhook.go:105.2,106.74 2 1
github.com/Wihrt/gatus-ingress-controller/internal/webhook/gatusendpoint_webhook.go:106.74,107.37 1 1
github.com/Wihrt/gatus-ingress-controller/internal/webhook/gatusendpoint_webhook.go:107.37,109.4 1 1
github.com/Wihrt/gatus-ingress-controller/internal/webhook/gatusendpoint_webhook.go:113.2,113.35 1 1
github.com/Wihrt/gatus-ingress-controller/internal/webhook/gatusendpoint_webhook.go:113.35,115.3 1 1
github.com/Wihrt/gatus-ingress-controller/internal/webhook/gatusendpoint_webhook.go:117.2,117.12 1 1
github.com/Wihrt/gatus-ingress-controller/internal/controller/condition_helper.go:9.77,11.32 2 1
github.com/Wihrt/gatus-ingress-controller/internal/controller/condition_helper.go:11.32,12.29 1 0
github.com/Wihrt/gatus-ingress-controller/internal/controller/condition_helper.go:12.29,13.34 1 0
github.com/Wihrt/gatus-ingress-controller/internal/controller/condition_helper.go:13.34,15.5 1 0
github.com/Wihrt/gatus-ingress-controller/internal/controller/condition_helper.go:15.10,17.5 1 0
github.com/Wihrt/gatus-ingress-controller/internal/controller/condition_helper.go:18.4,19.10 2 0
github.com/Wihrt/gatus-ingress-controller/internal/controller/condition_helper.go:22.2,23.44 2 1
github.com/Wihrt/gatus-ingress-controller/internal/controller/configmap_helper.go:19.122,24.28 4 1
github.com/Wihrt/gatus-ingress-controller/internal/controller/configmap_helper.go:24.28,27.3 2 1
github.com/Wihrt/gatus-ingress-controller/internal/controller/configmap_helper.go:28.2,28.16 1 1
github.com/Wihrt/gatus-ingress-controller/internal/controller/configmap_helper.go:28.16,30.3 1 0
github.com/Wihrt/gatus-ingress-controller/internal/controller/configmap_helper.go:32.2,32.20 1 1
github.com/Wihrt/gatus-ingress-controller/internal/controller/configmap_helper.go:32.20,34.3 1 1
github.com/Wihrt/gatus-ingress-controller/internal/controller/configmap_helper.go:35.2,36.42 2 1
github.com/Wihrt/gatus-ingress-controller/internal/controller/configmap_helper.go:36.42,38.3 1 0
github.com/Wihrt/gatus-ingress-controller/internal/controller/configmap_helper.go:39.2,40.27 2 1
github.com/Wihrt/gatus-ingress-controller/internal/controller/gatusalert_controller.go:21.102,26.62 4 1
github.com/Wihrt/gatus-ingress-controller/internal/controller/gatusalert_controller.go:26.62,28.3 1 1
github.com/Wihrt/gatus-ingress-controller/internal/controller/gatusalert_controller.go:30.2,31.45 2 1
github.com/Wihrt/gatus-ingress-controller/internal/controller/gatusalert_controller.go:31.45,33.3 1 0
github.com/Wihrt/gatus-ingress-controller/internal/controller/gatusalert_controller.go:35.2,36.36 2 1
github.com/Wihrt/gatus-ingress-controller/internal/controller/gatusalert_controller.go:36.36,37.39 1 1
github.com/Wihrt/gatus-ingress-controller/internal/controller/gatusalert_controller.go:37.39,38.12 1 0
github.com/Wihrt/gatus-ingress-controller/internal/controller/gatusalert_controller.go:42.3,42.46 1 1
github.com/Wihrt/gatus-ingress-controller/internal/controller/gatusalert_controller.go:42.46,43.67 1 1
github.com/Wihrt/gatus-ingress-controller/internal/controller/gatusalert_controller.go:43.67,45.10 2 1
github.com/Wihrt/gatus-ingress-controller/internal/controller/gatusalert_controller.go:48.3,48.17 1 1
github.com/Wihrt/gatus-ingress-controller/internal/controller/gatusalert_controller.go:48.17,49.9 1 1
github.com/Wihrt/gatus-ingress-controller/internal/controller/gatusalert_controller.go:53.2,56.17 4 1
github.com/Wihrt/gatus-ingress-controller/internal/controller/gatusalert_controller.go:56.17,60.3 3 1
github.com/Wihrt/gatus-ingress-controller/internal/controller/gatusalert_controller.go:62.2,68.54 2 1
github.com/Wihrt/gatus-ingress-controller/internal/controller/gatusalert_controller.go:68.54,70.3 1 0
github.com/Wihrt/gatus-ingress-controller/internal/controller/gatusalert_controller.go:71.2,71.27 1 1
github.com/Wihrt/gatus-ingress-controller/internal/controller/gatusalert_controller.go:74.73,78.2 1 0
github.com/Wihrt/gatus-ingress-controller/internal/controller/gatusalertingconfig_controller.go:79.111,85.60 4 1
github.com/Wihrt/gatus-ingress-controller/internal/controller/gatusalertingconfig_controller.go:85.60,87.3 1 0
github.com/Wihrt/gatus-ingress-controller/internal/controller/gatusalertingconfig_controller.go:90.2,91.16 2 1
github.com/Wihrt/gatus-ingress-controller/internal/controller/gatusalertingconfig_controller.go:91.16,93.3 1 0
github.com/Wihrt/gatus-ingress-controller/internal/controller/gatusalertingconfig_controller.go:94.2,94.26 1 1
github.com/Wihrt/gatus-ingress-controller/internal/controller/gatusalertingconfig_controller.go:94.26,96.3 1 1
github.com/Wihrt/gatus-ingress-controller/internal/controller/gatusalertingconfig_controller.go:99.2,100.22 2 1
github.com/Wihrt/gatus-ingress-controller/internal/controller/gatusalertingconfig_controller.go:100.22,107.53 2 1
github.com/Wihrt/gatus-ingress-controller/internal/controller/gatusalertingconfig_controller.go:107.53,109.4 1 0
github.com/Wihrt/gatus-ingress-controller/internal/controller/gatusalertingconfig_controller.go:110.3,110.28 1 1
github.com/Wihrt/gatus-ingress-controller/internal/controller/gatusalertingconfig_controller.go:113.2,119.52 2 1
github.com/Wihrt/gatus-ingress-controller/internal/controller/gatusalertingconfig_controller.go:119.52,121.3 1 0
github.com/Wihrt/gatus-ingress-controller/internal/controller/gatusalertingconfig_controller.go:124.2,125.45 2 1
github.com/Wihrt/gatus-ingress-controller/internal/controller/gatusalertingconfig_controller.go:125.45,127.3 1 0
github.com/Wihrt/gatus-ingress-controller/internal/controller/gatusalertingconfig_controller.go:130.2,130.48 1 1
github.com/Wihrt/gatus-ingress-controller/internal/controller/gatusalertingconfig_controller.go:130.48,134.3 3 1
github.com/Wihrt/gatus-ingress-controller/internal/controller/gatusalertingconfig_controller.go:136.2,137.31 2 1
github.com/Wihrt/gatus-ingress-controller/internal/controller/gatusalertingconfig_controller.go:137.31,140.40 3 1
github.com/Wihrt/gatus-ingress-controller/internal/controller/gatusalertingconfig_controller.go:140.40,143.12 2 1
github.com/Wihrt/gatus-ingress-controller/internal/controller/gatusalertingconfig_controller.go:145.3,146.24 2 1
github.com/Wihrt/gatus-ingress-controller/internal/controller/gatusalertingconfig_controller.go:146.24,149.12 2 0
github.com/Wihrt/gatus-ingress-controller/internal/controller/gatusalertingconfig_controller.go:151.3,151.72 1 1
github.com/Wihrt/gatus-ingress-controller/internal/controller/gatusalertingconfig_controller.go:151.72,152.12 1 0
github.com/Wihrt/gatus-ingress-controller/internal/controller/gatusalertingconfig_controller.go:154.3,154.28 1 1
github.com/Wihrt/gatus-ingress-controller/internal/controller/gatusalertingconfig_controller.go:157.2,159.16 3 1
github.com/Wihrt/gatus-ingress-controller/internal/controller/gatusalertingconfig_controller.go:159.16,161.3 1 0
github.com/Wihrt/gatus-ingress-controller/internal/controller/gatusalertingconfig_controller.go:163.2,163.99 1 1
github.com/Wihrt/gatus-ingress-controller/internal/controller/gatusalertingconfig_controller.go:169.167,171.16 2 1
github.com/Wihrt/gatus-ingress-controller/internal/controller/gatusalertingconfig_controller.go:171.16,173.3 1 0
github.com/Wihrt/gatus-ingress-controller/internal/controller/gatusalertingconfig_controller.go:175.2,175.37 1 1
github.com/Wihrt/gatus-ingress-controller/internal/controller/gatusalertingconfig_controller.go:175.37,177.3 1 1
github.com/Wihrt/gatus-ingress-controller/internal/controller/gatusalertingconfig_controller.go:179.2,180.136 2 1
github.com/Wihrt/gatus-ingress-controller/internal/controller/gatusalertingconfig_controller.go:180.136,181.40 1 1
github.com/Wihrt/gatus-ingress-controller/internal/controller/gatusalertingconfig_controller.go:181.40,184.4 2 1
github.com/Wihrt/gatus-ingress-controller/internal/controller/gatusalertingconfig_controller.go:185.3,185.106 1 0
github.com/Wihrt/gatus-ingress-controller/internal/controller/gatusalertingconfig_controller.go:189.2,189.32 1 1
github.com/Wihrt/gatus-ingress-controller/internal/controller/gatusalertingconfig_controller.go:189.32,191.3 1 1
github.com/Wihrt/gatus-ingress-controller/internal/controller/gatusalertingconfig_controller.go:192.2,192.25 1 1
github.com/Wihrt/gatus-ingress-controller/internal/controller/gatusalertingconfig_controller.go:197.87,199.22 2 1
github.com/Wihrt/gatus-ingress-controller/internal/controller/gatusalertingconfig_controller.go:199.22,201.53 2 1
github.com/Wihrt/gatus-ingress-controller/internal/controller/gatusalertingconfig_controller.go:201.53,203.4 1 0
github.com/Wihrt/gatus-ingress-controller/internal/controller/gatusalertingconfig_controller.go:204.3,204.15 1 1
github.com/Wihrt/gatus-ingress-controller/internal/controller/gatusalertingconfig_controller.go:206.2,206.17 1 1
github.com/Wihrt/gatus-ingress-controller/internal/controller/gatusalertingconfig_controller.go:212.88,214.9 2 1
github.com/Wihrt/gatus-ingress-controller/internal/controller/gatusalertingconfig_controller.go:214.9,216.3 1 0
github.com/Wihrt/gatus-ingress-controller/internal/controller/gatusalertingconfig_controller.go:217.2,218.33 2 1
github.com/Wihrt/gatus-ingress-controller/internal/controller/gatusalertingconfig_controller.go:218.33,219.40 1 1
github.com/Wihrt/gatus-ingress-controller/internal/controller/gatusalertingconfig_controller.go:219.40,221.4 1 1
github.com/Wihrt/gatus-ingress-controller/internal/controller/gatusalertingconfig_controller.go:223.2,223.16 1 1
github.com/Wihrt/gatus-ingress-controller/internal/controller/gatusalertingconfig_controller.go:226.82,230.2 1 0
github.com/Wihrt/gatus-ingress-controller/internal/controller/gatusannouncement_controller.go:37.109,42.42 4 1
github.com/Wihrt/gatus-ingress-controller/internal/controller/gatusannouncement_controller.go:42.42,44.3 1 0
github.com/Wihrt/gatus-ingress-controller/internal/controller/gatusannouncement_controller.go:47.2,47.45 1 1
github.com/Wihrt/gatus-ingress-controller/internal/controller/gatusannouncement_controller.go:47.45,49.3 1 1
github.com/Wihrt/gatus-ingress-controller/internal/controller/gatusannouncement_controller.go:51.2,52.31 2 1
github.com/Wihrt/gatus-ingress-controller/internal/controller/gatusannouncement_controller.go:52.31,59.3 1 1
github.com/Wihrt/gatus-ingress-controller/internal/controller/gatusannouncement_controller.go:61.2,63.16 3 1
github.com/Wihrt/gatus-ingress-controller/internal/controller/gatusannouncement_controller.go:63.16,65.3 1 0
github.com/Wihrt/gatus-ingress-controller/internal/controller/gatusannouncement_controller.go:67.2,67.110 1 1
github.com/Wihrt/gatus-ingress-controller/internal/controller/gatusannouncement_controller.go:70.80,74.2 1 0
github.com/Wihrt/gatus-ingress-controller/internal/controller/gatusendpoint_controller.go:121.105,127.49 4 1
github.com/Wihrt/gatus-ingress-controller/internal/controller/gatusendpoint_controller.go:127.49,129.2 1 0
github.com/Wihrt/gatus-ingress-controller/internal/controller/gatusendpoint_controller.go:132.1,132.52 1 1
github.com/Wihrt/gatus-ingress-controller/internal/controller/gatusendpoint_controller.go:132.52,136.2 3 1
github.com/Wihrt/gatus-ingress-controller/internal/controller/gatusendpoint_controller.go:139.1,140.39 2 1
github.com/Wihrt/gatus-ingress-controller/internal/controller/gatusendpoint_controller.go:140.39,141.57 1 1
github.com/Wihrt/gatus-ingress-controller/internal/controller/gatusendpoint_controller.go:141.57,146.9 2 1
github.com/Wihrt/gatus-ingress-controller/internal/controller/gatusendpoint_controller.go:148.1,148.26 1 1
github.com/Wihrt/gatus-ingress-controller/internal/controller/gatusendpoint_controller.go:151.1,152.27 2 1
github.com/Wihrt/gatus-ingress-controller/internal/controller/gatusendpoint_controller.go:152.27,154.15 2 1
github.com/Wihrt/gatus-ingress-controller/internal/controller/gatusendpoint_controller.go:154.15,156.2 1 0
github.com/Wihrt/gatus-ingress-controller/internal/controller/gatusendpoint_controller.go:158.1,159.25 2 1
github.com/Wihrt/gatus-ingress-controller/internal/controller/gatusendpoint_controller.go:159.25,161.2 1 1
github.com/Wihrt/gatus-ingress-controller/internal/controller/gatusendpoint_controller.go:163.1,178.23 2 1
github.com/Wihrt/gatus-ingress-controller/internal/controller/gatusendpoint_controller.go:178.23,183.2 1 0
github.com/Wihrt/gatus-ingress-controller/internal/controller/gatusendpoint_controller.go:185.1,185.23 1 1
github.com/Wihrt/gatus-ingress-controller/internal/controller/gatusendpoint_controller.go:185.23,190.2 1 0
github.com/Wihrt/gatus-ingress-controller/internal/controller/gatusendpoint_controller.go:192.1,192.26 1 1
github.com/Wihrt/gatus-ingress-controller/internal/controller/gatusendpoint_controller.go:192.26,194.2 1 1
github.com/Wihrt/gatus-ingress-controller/internal/controller/gatusendpoint_controller.go:196.1,196.22 1 1
github.com/Wihrt/gatus-ingress-controller/internal/controller/gatusendpoint_controller.go:196.22,206.2 1 0
github.com/Wihrt/gatus-ingress-controller/internal/controller/gatusendpoint_controller.go:208.1,208.47 1 1
github.com/Wihrt/gatus-ingress-controller/internal/controller/gatusendpoint_controller.go:208.47,216.2 1 0
github.com/Wihrt/gatus-ingress-controller/internal/controller/gatusendpoint_controller.go:218.1,218.38 1 1
github.com/Wihrt/gatus-ingress-controller/internal/controller/gatusendpoint_controller.go:221.1,223.15 3 1
github.com/Wihrt/gatus-ingress-controller/internal/controller/gatusendpoint_controller.go:223.15,225.2 1 0
github.com/Wihrt/gatus-ingress-controller/internal/controller/gatusendpoint_controller.go:227.1,227.99 1 1
github.com/Wihrt/gatus-ingress-controller/internal/controller/gatusendpoint_controller.go:231.155,234.26 3 1
github.com/Wihrt/gatus-ingress-controller/internal/controller/gatusendpoint_controller.go:234.26,236.13 2 1
github.com/Wihrt/gatus-ingress-controller/internal/controller/gatusendpoint_controller.go:236.13,238.2 1 1
github.com/Wihrt/gatus-ingress-controller/internal/controller/gatusendpoint_controller.go:239.1,240.94 2 1
github.com/Wihrt/gatus-ingress-controller/internal/controller/gatusendpoint_controller.go:240.94,242.9 2 0
github.com/Wihrt/gatus-ingress-controller/internal/controller/gatusendpoint_controller.go:245.1,256.41 2 1
github.com/Wihrt/gatus-ingress-controller/internal/controller/gatusendpoint_controller.go:256.41,257.86 1 1
github.com/Wihrt/gatus-ingress-controller/internal/controller/gatusendpoint_controller.go:257.86,259.2 1 0
github.com/Wihrt/gatus-ingress-controller/internal/controller/gatusendpoint_controller.go:259.7,260.30 1 1
github.com/Wihrt/gatus-ingress-controller/internal/controller/gatusendpoint_controller.go:260.30,262.2 1 1
github.com/Wihrt/gatus-ingress-controller/internal/controller/gatusendpoint_controller.go:263.1,263.31 1 1
github.com/Wihrt/gatus-ingress-controller/internal/controller/gatusendpoint_controller.go:263.31,265.2 1 1
github.com/Wihrt/gatus-ingress-controller/internal/controller/gatusendpoint_controller.go:268.1,268.26 1 1
github.com/Wihrt/gatus-ingress-controller/internal/controller/gatusendpoint_controller.go:268.26,270.2 1 1
github.com/Wihrt/gatus-ingress-controller/internal/controller/gatusendpoint_controller.go:271.1,271.23 1 1
github.com/Wihrt/gatus-ingress-controller/internal/controller/gatusendpoint_controller.go:271.23,273.2 1 1
github.com/Wihrt/gatus-ingress-controller/internal/controller/gatusendpoint_controller.go:274.1,274.30 1 1
github.com/Wihrt/gatus-ingress-controller/internal/controller/gatusendpoint_controller.go:274.30,276.2 1 1
github.com/Wihrt/gatus-ingress-controller/internal/controller/gatusendpoint_controller.go:277.1,277.30 1 1
github.com/Wihrt/gatus-ingress-controller/internal/controller/gatusendpoint_controller.go:277.30,279.2 1 1
github.com/Wihrt/gatus-ingress-controller/internal/controller/gatusendpoint_controller.go:280.1,280.30 1 1
github.com/Wihrt/gatus-ingress-controller/internal/controller/gatusendpoint_controller.go:280.30,282.2 1 1
github.com/Wihrt/gatus-ingress-controller/internal/controller/gatusendpoint_controller.go:283.1,283.38 1 1
github.com/Wihrt/gatus-ingress-controller/internal/controller/gatusendpoint_controller.go:283.38,285.2 1 1
github.com/Wihrt/gatus-ingress-controller/internal/controller/gatusendpoint_controller.go:287.1,287.21 1 1
github.com/Wihrt/gatus-ingress-controller/internal/controller/gatusendpoint_controller.go:289.1,289.16 1 1
github.com/Wihrt/gatus-ingress-controller/internal/controller/gatusendpoint_controller.go:292.80,301.20 2 1
github.com/Wihrt/gatus-ingress-controller/internal/controller/gatusendpoint_controller.go:301.20,308.2 1 1
github.com/Wihrt/gatus-ingress-controller/internal/controller/gatusendpoint_controller.go:309.1,309.17 1 1
github.com/Wihrt/gatus-ingress-controller/internal/controller/gatusendpoint_controller.go:309.17,315.2 1 1
github.com/Wihrt/gatus-ingress-controller/internal/controller/gatusendpoint_controller.go:316.1,316.9 1 1
github.com/Wihrt/gatus-ingress-controller/internal/controller/gatusendpoint_controller.go:319.76,323.2 1 0
github.com/Wihrt/gatus-ingress-controller/internal/controller/gatusexternalendpoint_controller.go:47.113,53.45 4 1
github.com/Wihrt/gatus-ingress-controller/internal/controller/gatusexternalendpoint_controller.go:53.45,55.3 1 0
github.com/Wihrt/gatus-ingress-controller/internal/controller/gatusexternalendpoint_controller.go:57.2,58.36 2 1
github.com/Wihrt/gatus-ingress-controller/internal/controller/gatusexternalendpoint_controller.go:58.36,60.17 2 1
github.com/Wihrt/gatus-ingress-controller/internal/controller/gatusexternalendpoint_controller.go:60.17,62.4 1 0
github.com/Wihrt/gatus-ingress-controller/internal/controller/gatusexternalendpoint_controller.go:64.3,72.69 2 1
github.com/Wihrt/gatus-ingress-controller/internal/controller/gatusexternalendpoint_controller.go:72.69,76.4 1 1
github.com/Wihrt/gatus-ingress-controller/internal/controller/gatusexternalendpoint_controller.go:78.3,78.57 1 1
github.com/Wihrt/gatus-ingress-controller/internal/controller/gatusexternalendpoint_controller.go:81.2,83.16 3 1
github.com/Wihrt/gatus-ingress-controller/internal/controller/gatusexternalendpoint_controller.go:83.16,85.3 1 0
github.com/Wihrt/gatus-ingress-controller/internal/controller/gatusexternalendpoint_controller.go:87.2,87.108 1 1
github.com/Wihrt/gatus-ingress-controller/internal/controller/gatusexternalendpoint_controller.go:91.166,94.27 3 1
github.com/Wihrt/gatus-ingress-controller/internal/controller/gatusexternalendpoint_controller.go:94.27,96.15 2 1
github.com/Wihrt/gatus-ingress-controller/internal/controller/gatusexternalendpoint_controller.go:96.15,98.4 1 1
github.com/Wihrt/gatus-ingress-controller/internal/controller/gatusexternalendpoint_controller.go:99.3,100.96 2 1
github.com/Wihrt/gatus-ingress-controller/internal/controller/gatusexternalendpoint_controller.go:100.96,102.12 2 1
github.com/Wihrt/gatus-ingress-controller/internal/controller/gatusexternalendpoint_controller.go:105.3,116.43 2 1
github.com/Wihrt/gatus-ingress-controller/internal/controller/gatusexternalendpoint_controller.go:116.43,117.89 1 1
github.com/Wihrt/gatus-ingress-controller/internal/controller/gatusexternalendpoint_controller.go:117.89,119.5 1 0
github.com/Wihrt/gatus-ingress-controller/internal/controller/gatusexternalendpoint_controller.go:119.10,120.34 1 1
github.com/Wihrt/gatus-ingress-controller/internal/controller/gatusexternalendpoint_controller.go:120.34,122.6 1 1
github.com/Wihrt/gatus-ingress-controller/internal/controller/gatusexternalendpoint_controller.go:123.5,123.35 1 1
github.com/Wihrt/gatus-ingress-controller/internal/controller/gatusexternalendpoint_controller.go:123.35,125.6 1 1
github.com/Wihrt/gatus-ingress-controller/internal/controller/gatusexternalendpoint_controller.go:130.3,130.28 1 1
github.com/Wihrt/gatus-ingress-controller/internal/controller/gatusexternalendpoint_controller.go:130.28,132.4 1 1
github.com/Wihrt/gatus-ingress-controller/internal/controller/gatusexternalendpoint_controller.go:133.3,133.25 1 1
github.com/Wihrt/gatus-ingress-controller/internal/controller/gatusexternalendpoint_controller.go:133.25,135.4 1 0
github.com/Wihrt/gatus-ingress-controller/internal/controller/gatusexternalendpoint_controller.go:136.3,136.32 1 1
github.com/Wihrt/gatus-ingress-controller/internal/controller/gatusexternalendpoint_controller.go:136.32,138.4 1 1
github.com/Wihrt/gatus-ingress-controller/internal/controller/gatusexternalendpoint_controller.go:139.3,139.32 1 1
github.com/Wihrt/gatus-ingress-controller/internal/controller/gatusexternalendpoint_controller.go:139.32,141.4 1 1
github.com/Wihrt/gatus-ingress-controller/internal/controller/gatusexternalendpoint_controller.go:142.3,142.32 1 1
github.com/Wihrt/gatus-ingress-controller/internal/controller/gatusexternalendpoint_controller.go:142.32,144.4 1 1
github.com/Wihrt/gatus-ingress-controller/internal/controller/gatusexternalendpoint_controller.go:145.3,145.40 1 1
github.com/Wihrt/gatus-ingress-controller/internal/controller/gatusexternalendpoint_controller.go:145.40,147.4 1 1
github.com/Wihrt/gatus-ingress-controller/internal/controller/gatusexternalendpoint_controller.go:149.3,149.23 1 1
github.com/Wihrt/gatus-ingress-controller/internal/controller/gatusexternalendpoint_controller.go:151.2,151.17 1 1
github.com/Wihrt/gatus-ingress-controller/internal/controller/gatusexternalendpoint_controller.go:154.84,158.2 1 0
github.com/Wihrt/gatus-ingress-controller/internal/controller/gatusmaintenance_controller.go:39.108,44.42 4 1
github.com/Wihrt/gatus-ingress-controller/internal/controller/gatusmaintenance_controller.go:44.42,46.3 1 0
github.com/Wihrt/gatus-ingress-controller/internal/controller/gatusmaintenance_controller.go:48.2,48.26 1 1
github.com/Wihrt/gatus-ingress-controller/internal/controller/gatusmaintenance_controller.go:48.26,51.3 1 1
github.com/Wihrt/gatus-ingress-controller/internal/controller/gatusmaintenance_controller.go:54.2,54.45 1 1
github.com/Wihrt/gatus-ingress-controller/internal/controller/gatusmaintenance_controller.go:54.45,58.3 3 1
github.com/Wihrt/gatus-ingress-controller/internal/controller/gatusmaintenance_controller.go:60.2,60.25 1 1
github.com/Wihrt/gatus-ingress-controller/internal/controller/gatusmaintenance_controller.go:60.25,63.3 1 1
github.com/Wihrt/gatus-ingress-controller/internal/controller/gatusmaintenance_controller.go:65.2,76.16 4 1
github.com/Wihrt/gatus-ingress-controller/internal/controller/gatusmaintenance_controller.go:76.16,78.3 1 0
github.com/Wihrt/gatus-ingress-controller/internal/controller/gatusmaintenance_controller.go:80.2,80.108 1 1
github.com/Wihrt/gatus-ingress-controller/internal/controller/gatusmaintenance_controller.go:83.79,87.2 1 0
github.com/Wihrt/gatus-ingress-controller/internal/controller/secret_helper.go:19.123,24.28 4 1
github.com/Wihrt/gatus-ingress-controller/internal/controller/secret_helper.go:24.28,27.3 2 1
github.com/Wihrt/gatus-ingress-controller/internal/controller/secret_helper.go:28.2,28.16 1 1
github.com/Wihrt/gatus-ingress-controller/internal/controller/secret_helper.go:28.16,30.3 1 0
github.com/Wihrt/gatus-ingress-controller/internal/controller/secret_helper.go:32.2,32.24 1 1
github.com/Wihrt/gatus-ingress-controller/internal/controller/secret_helper.go:32.24,34.3 1 1
github.com/Wihrt/gatus-ingress-controller/internal/controller/secret_helper.go:35.2,36.46 2 1
github.com/Wihrt/gatus-ingress-controller/internal/controller/secret_helper.go:36.46,38.3 1 0
github.com/Wihrt/gatus-ingress-controller/internal/controller/secret_helper.go:39.2,40.27 2 1
